<?xml version="1.0" encoding="UTF-8"?>
<testsuite xmlns:xsi="http://www.w3.org/2001/XMLSchema-instance" xsi:noNamespaceSchemaLocation="https://maven.apache.org/surefire/maven-surefire-plugin/xsd/surefire-test-report-3.0.xsd" version="3.0" name="minicp.engine.core.DomainTest" time="0.003" tests="6" errors="0" skipped="0" failures="0">
  <properties>
[...]
</properties>
  <testcase name="testDomain1[0]" classname="minicp.engine.core.DomainTest" time="0.001"/>
  <testcase name="testDomain2[0]" classname="minicp.engine.core.DomainTest" time="0"/>
  <testcase name="testDomain3[0]" classname="minicp.engine.core.DomainTest" time="0"/>
  <testcase name="testDomain1[1]" classname="minicp.engine.core.DomainTest" time="0"/>
  <testcase name="testDomain2[1]" classname="minicp.engine.core.DomainTest" time="0"/>
  <testcase name="testDomain3[1]" classname="minicp.engine.core.DomainTest" time="0"/>
</testsuite>